23:58:41.823 ERROR [-XNIO-1 task-1] io.undertow.request : - UT005023: Exception handling request to /api/test
org.springframework.web.util.NestedServletException: Request processing failed; nested exception is java.lang.IllegalStateException: UT015023: This Context has been already destroyed
	at org.springframework.web.servlet.FrameworkServlet.processRequest(FrameworkServlet.java:1014) ~[spring-webmvc-5.3.20.jar:5.3.20]
	at org.springframework.web.servlet.FrameworkServlet.doPost(FrameworkServlet.java:909) ~[spring-webmvc-5.3.20.jar:5.3.20]
	at javax.servlet.http.HttpServlet.service(HttpServlet.java:517) ~[jakarta.servlet-api-4.0.4.jar:4.0.4]
	at org.springframework.web.servlet.FrameworkServlet.service(FrameworkServlet.java:883) ~[spring-webmvc-5.3.20.jar:5.3.20]
	at javax.servlet.http.HttpServlet.service(HttpServlet.java:584) ~[jakarta.servlet-api-4.0.4.jar:4.0.4]
	at io.undertow.servlet.handlers.ServletHandler.handleRequest(ServletHandler.java:74) ~[undertow-servlet-2.2.17.Final.jar:2.2.17.Final]
	at io.undertow.servlet.handlers.FilterHandler$FilterChainImpl.doFilter(FilterHandler.java:129) ~[undertow-servlet-2.2.17.Final.jar:2.2.17.Final]
	at org.springframework.web.filter.RequestContextFilter.doFilterInternal(RequestContextFilter.java:100) ~[spring-web-5.3.20.jar:5.3.20]
	at org.springframework.web.filter.OncePerRequestFilter.doFilter(OncePerRequestFilter.java:117) ~[spring-web-5.3.20.jar:5.3.20]
	at io.undertow.servlet.core.ManagedFilter.doFilter(ManagedFilter.java:61) ~[undertow-servlet-2.2.17.Final.jar:2.2.17.Final]
	at io.undertow.servlet.handlers.FilterHandler$FilterChainImpl.doFilter(FilterHandler.java:131) ~[undertow-servlet-2.2.17.Final.jar:2.2.17.Final]
	at org.springframework.web.filter.FormContentFilter.doFilterInternal(FormContentFilter.java:93) ~[spring-web-5.3.20.jar:5.3.20]
	at org.springframework.web.filter.OncePerRequestFilter.doFilter(OncePerRequestFilter.java:117) ~[spring-web-5.3.20.jar:5.3.20]
	at io.undertow.servlet.core.ManagedFilter.doFilter(ManagedFilter.java:61) ~[undertow-servlet-2.2.17.Final.jar:2.2.17.Final]
	at io.undertow.servlet.handlers.FilterHandler$FilterChainImpl.doFilter(FilterHandler.java:131) ~[undertow-servlet-2.2.17.Final.jar:2.2.17.Final]
	at org.springframework.boot.actuate.metrics.web.servlet.WebMvcMetricsFilter.doFilterInternal(WebMvcMetricsFilter.java:96) ~[spring-boot-actuator-2.7.0.jar:2.7.0]
	at org.springframework.web.filter.OncePerRequestFilter.doFilter(OncePerRequestFilter.java:117) ~[spring-web-5.3.20.jar:5.3.20]
	at io.undertow.servlet.core.ManagedFilter.doFilter(ManagedFilter.java:61) ~[undertow-servlet-2.2.17.Final.jar:2.2.17.Final]
	at io.undertow.servlet.handlers.FilterHandler$FilterChainImpl.doFilter(FilterHandler.java:131) ~[undertow-servlet-2.2.17.Final.jar:2.2.17.Final]
	at org.springframework.web.filter.CharacterEncodingFilter.doFilterInternal(CharacterEncodingFilter.java:201) ~[spring-web-5.3.20.jar:5.3.20]
	at org.springframework.web.filter.OncePerRequestFilter.doFilter(OncePerRequestFilter.java:117) ~[spring-web-5.3.20.jar:5.3.20]
	at io.undertow.servlet.core.ManagedFilter.doFilter(ManagedFilter.java:61) ~[undertow-servlet-2.2.17.Final.jar:2.2.17.Final]
	at io.undertow.servlet.handlers.FilterHandler$FilterChainImpl.doFilter(FilterHandler.java:131) ~[undertow-servlet-2.2.17.Final.jar:2.2.17.Final]
	at io.undertow.servlet.handlers.FilterHandler.handleRequest(FilterHandler.java:84) ~[undertow-servlet-2.2.17.Final.jar:2.2.17.Final]
	at io.undertow.servlet.handlers.security.ServletSecurityRoleHandler.handleRequest(ServletSecurityRoleHandler.java:62) ~[undertow-servlet-2.2.17.Final.jar:2.2.17.Final]
	at io.undertow.servlet.handlers.ServletChain$1.handleRequest(ServletChain.java:68) ~[undertow-servlet-2.2.17.Final.jar:2.2.17.Final]
	at io.undertow.servlet.handlers.ServletDispatchingHandler.handleRequest(ServletDispatchingHandler.java:36) ~[undertow-servlet-2.2.17.Final.jar:2.2.17.Final]
	at io.undertow.servlet.handlers.RedirectDirHandler.handleRequest(RedirectDirHandler.java:68) ~[undertow-servlet-2.2.17.Final.jar:2.2.17.Final]
	at io.undertow.servlet.handlers.security.SSLInformationAssociationHandler.handleRequest(SSLInformationAssociationHandler.java:117) ~[undertow-servlet-2.2.17.Final.jar:2.2.17.Final]
	at io.undertow.servlet.handlers.security.ServletAuthenticationCallHandler.handleRequest(ServletAuthenticationCallHandler.java:57) ~[undertow-servlet-2.2.17.Final.jar:2.2.17.Final]
	at io.undertow.server.handlers.PredicateHandler.handleRequest(PredicateHandler.java:43) ~[undertow-core-2.2.17.Final.jar:2.2.17.Final]
	at io.undertow.security.handlers.AbstractConfidentialityHandler.handleRequest(AbstractConfidentialityHandler.java:46) ~[undertow-core-2.2.17.Final.jar:2.2.17.Final]
	at io.undertow.servlet.handlers.security.ServletConfidentialityConstraintHandler.handleRequest(ServletConfidentialityConstraintHandler.java:64) ~[undertow-servlet-2.2.17.Final.jar:2.2.17.Final]
	at io.undertow.security.handlers.AuthenticationMechanismsHandler.handleRequest(AuthenticationMechanismsHandler.java:60) ~[undertow-core-2.2.17.Final.jar:2.2.17.Final]
	at io.undertow.servlet.handlers.security.CachedAuthenticatedSessionHandler.handleRequest(CachedAuthenticatedSessionHandler.java:77) ~[undertow-servlet-2.2.17.Final.jar:2.2.17.Final]
	at io.undertow.security.handlers.AbstractSecurityContextAssociationHandler.handleRequest(AbstractSecurityContextAssociationHandler.java:43) ~[undertow-core-2.2.17.Final.jar:2.2.17.Final]
	at io.undertow.server.handlers.PredicateHandler.handleRequest(PredicateHandler.java:43) ~[undertow-core-2.2.17.Final.jar:2.2.17.Final]
	at io.undertow.servlet.handlers.SendErrorPageHandler.handleRequest(SendErrorPageHandler.java:52) ~[undertow-servlet-2.2.17.Final.jar:2.2.17.Final]
	at io.undertow.server.handlers.PredicateHandler.handleRequest(PredicateHandler.java:43) ~[undertow-core-2.2.17.Final.jar:2.2.17.Final]
	at io.undertow.servlet.handlers.SessionRestoringHandler.handleRequest(SessionRestoringHandler.java:119) ~[undertow-servlet-2.2.17.Final.jar:2.2.17.Final]
	at io.undertow.servlet.handlers.ServletInitialHandler.handleFirstRequest(ServletInitialHandler.java:275) ~[undertow-servlet-2.2.17.Final.jar:2.2.17.Final]
	at io.undertow.servlet.handlers.ServletInitialHandler.access$100(ServletInitialHandler.java:79) ~[undertow-servlet-2.2.17.Final.jar:2.2.17.Final]
	at io.undertow.servlet.handlers.ServletInitialHandler$2.call(ServletInitialHandler.java:134) ~[undertow-servlet-2.2.17.Final.jar:2.2.17.Final]
	at io.undertow.servlet.handlers.ServletInitialHandler$2.call(ServletInitialHandler.java:131) ~[undertow-servlet-2.2.17.Final.jar:2.2.17.Final]
	at io.undertow.servlet.core.ServletRequestContextThreadSetupAction$1.call(ServletRequestContextThreadSetupAction.java:48) ~[undertow-servlet-2.2.17.Final.jar:2.2.17.Final]
	at io.undertow.servlet.core.ContextClassLoaderSetupAction$1.call(ContextClassLoaderSetupAction.java:43) ~[undertow-servlet-2.2.17.Final.jar:2.2.17.Final]
	at io.undertow.servlet.handlers.ServletInitialHandler.dispatchRequest(ServletInitialHandler.java:255) ~[undertow-servlet-2.2.17.Final.jar:2.2.17.Final]
	at io.undertow.servlet.handlers.ServletInitialHandler.access$000(ServletInitialHandler.java:79) ~[undertow-servlet-2.2.17.Final.jar:2.2.17.Final]
	at io.undertow.servlet.handlers.ServletInitialHandler$1.handleRequest(ServletInitialHandler.java:100) ~[undertow-servlet-2.2.17.Final.jar:2.2.17.Final]
	at io.undertow.server.Connectors.executeRootHandler(Connectors.java:387) ~[undertow-core-2.2.17.Final.jar:2.2.17.Final]
	at io.undertow.server.HttpServerExchange$1.run(HttpServerExchange.java:852) ~[undertow-core-2.2.17.Final.jar:2.2.17.Final]
	at org.jboss.threads.ContextClassLoaderSavingRunnable.run(ContextClassLoaderSavingRunnable.java:35) ~[jboss-threads-3.1.0.Final.jar:3.1.0.Final]
	at org.jboss.threads.EnhancedQueueExecutor.safeRun(EnhancedQueueExecutor.java:2019) ~[jboss-threads-3.1.0.Final.jar:3.1.0.Final]
	at org.jboss.threads.EnhancedQueueExecutor$ThreadBody.doRunTask(EnhancedQueueExecutor.java:1558) ~[jboss-threads-3.1.0.Final.jar:3.1.0.Final]
	at org.jboss.threads.EnhancedQueueExecutor$ThreadBody.run(EnhancedQueueExecutor.java:1449) ~[jboss-threads-3.1.0.Final.jar:3.1.0.Final]
	at org.xnio.XnioWorker$WorkerThreadFactory$1$1.run(XnioWorker.java:1280) ~[xnio-api-3.8.6.Final.jar:3.8.6.Final]
	at java.lang.Thread.run(Thread.java:833) ~[?:?]
Caused by: java.lang.IllegalStateException: UT015023: This Context has been already destroyed
	at io.undertow.servlet.spec.ServletContextImpl.getDeploymentInfo(ServletContextImpl.java:211) ~[undertow-servlet-2.2.17.Final.jar:2.2.17.Final]
	at io.undertow.servlet.spec.ServletContextImpl.getInitParameter(ServletContextImpl.java:444) ~[undertow-servlet-2.2.17.Final.jar:2.2.17.Final]
	at org.springframework.web.util.WebUtils.getDefaultHtmlEscape(WebUtils.java:285) ~[spring-web-5.3.20.jar:5.3.20]
	at org.springframework.web.servlet.support.RequestContext.<init>(RequestContext.java:247) ~[spring-webmvc-5.3.20.jar:5.3.20]
	at org.springframework.web.servlet.view.AbstractTemplateView.renderMergedOutputModel(AbstractTemplateView.java:170) ~[spring-webmvc-5.3.20.jar:5.3.20]
	at org.springframework.web.servlet.view.AbstractView.render(AbstractView.java:316) ~[spring-webmvc-5.3.20.jar:5.3.20]
	at org.springframework.web.servlet.DispatcherServlet.render(DispatcherServlet.java:1401) ~[spring-webmvc-5.3.20.jar:5.3.20]
	at org.springframework.web.servlet.DispatcherServlet.processDispatchResult(DispatcherServlet.java:1145) ~[spring-webmvc-5.3.20.jar:5.3.20]
	at org.springframework.web.servlet.DispatcherServlet.doDispatch(DispatcherServlet.java:1084) ~[spring-webmvc-5.3.20.jar:5.3.20]
	at org.springframework.web.servlet.DispatcherServlet.doService(DispatcherServlet.java:963) ~[spring-webmvc-5.3.20.jar:5.3.20]
	at org.springframework.web.servlet.FrameworkServlet.processRequest(FrameworkServlet.java:1006) ~[spring-webmvc-5.3.20.jar:5.3.20]
	... 56 more
23:58:41.831 ERROR [-XNIO-1 task-1] io.undertow.request : - UT005022: Exception generating error page /error
java.lang.IllegalStateException: UT015023: This Context has been already destroyed
	at io.undertow.servlet.spec.ServletContextImpl.getDeploymentInfo(ServletContextImpl.java:211) ~[undertow-servlet-2.2.17.Final.jar:2.2.17.Final]
	at io.undertow.servlet.spec.ServletContextImpl.getContextPath(ServletContextImpl.java:217) ~[undertow-servlet-2.2.17.Final.jar:2.2.17.Final]
	at io.undertow.servlet.spec.HttpServletRequestImpl.getContextPath(HttpServletRequestImpl.java:303) ~[undertow-servlet-2.2.17.Final.jar:2.2.17.Final]
	at io.undertow.servlet.spec.RequestDispatcherImpl.error(RequestDispatcherImpl.java:460) ~[undertow-servlet-2.2.17.Final.jar:2.2.17.Final]
	at io.undertow.servlet.spec.RequestDispatcherImpl.error(RequestDispatcherImpl.java:425) ~[undertow-servlet-2.2.17.Final.jar:2.2.17.Final]
	at io.undertow.servlet.handlers.ServletInitialHandler.handleFirstRequest(ServletInitialHandler.java:314) ~[undertow-servlet-2.2.17.Final.jar:2.2.17.Final]
	at io.undertow.servlet.handlers.ServletInitialHandler.access$100(ServletInitialHandler.java:79) ~[undertow-servlet-2.2.17.Final.jar:2.2.17.Final]
	at io.undertow.servlet.handlers.ServletInitialHandler$2.call(ServletInitialHandler.java:134) ~[undertow-servlet-2.2.17.Final.jar:2.2.17.Final]
	at io.undertow.servlet.handlers.ServletInitialHandler$2.call(ServletInitialHandler.java:131) ~[undertow-servlet-2.2.17.Final.jar:2.2.17.Final]
	at io.undertow.servlet.core.ServletRequestContextThreadSetupAction$1.call(ServletRequestContextThreadSetupAction.java:48) ~[undertow-servlet-2.2.17.Final.jar:2.2.17.Final]
	at io.undertow.servlet.core.ContextClassLoaderSetupAction$1.call(ContextClassLoaderSetupAction.java:43) ~[undertow-servlet-2.2.17.Final.jar:2.2.17.Final]
	at io.undertow.servlet.handlers.ServletInitialHandler.dispatchRequest(ServletInitialHandler.java:255) ~[undertow-servlet-2.2.17.Final.jar:2.2.17.Final]
	at io.undertow.servlet.handlers.ServletInitialHandler.access$000(ServletInitialHandler.java:79) ~[undertow-servlet-2.2.17.Final.jar:2.2.17.Final]
	at io.undertow.servlet.handlers.ServletInitialHandler$1.handleRequest(ServletInitialHandler.java:100) ~[undertow-servlet-2.2.17.Final.jar:2.2.17.Final]
	at io.undertow.server.Connectors.executeRootHandler(Connectors.java:387) ~[undertow-core-2.2.17.Final.jar:2.2.17.Final]
	at io.undertow.server.HttpServerExchange$1.run(HttpServerExchange.java:852) ~[undertow-core-2.2.17.Final.jar:2.2.17.Final]
	at org.jboss.threads.ContextClassLoaderSavingRunnable.run(ContextClassLoaderSavingRunnable.java:35) ~[jboss-threads-3.1.0.Final.jar:3.1.0.Final]
	at org.jboss.threads.EnhancedQueueExecutor.safeRun(EnhancedQueueExecutor.java:2019) ~[jboss-threads-3.1.0.Final.jar:3.1.0.Final]
	at org.jboss.threads.EnhancedQueueExecutor$ThreadBody.doRunTask(EnhancedQueueExecutor.java:1558) ~[jboss-threads-3.1.0.Final.jar:3.1.0.Final]
	at org.jboss.threads.EnhancedQueueExecutor$ThreadBody.run(EnhancedQueueExecutor.java:1449) ~[jboss-threads-3.1.0.Final.jar:3.1.0.Final]
	at org.xnio.XnioWorker$WorkerThreadFactory$1$1.run(XnioWorker.java:1280) ~[xnio-api-3.8.6.Final.jar:3.8.6.Final]
	at java.lang.Thread.run(Thread.java:833) ~[?:?]
