21:55:33.789 WARN  [-restartedMain] io.undertow.websockets.jsr : - UT026010: Buffer pool was not set on WebSocketDeploymentInfo, the default pool will be used
21:59:29.871 WARN  [-restartedMain] io.undertow.websockets.jsr : - UT026010: Buffer pool was not set on WebSocketDeploymentInfo, the default pool will be used
21:59:32.221 WARN  [-restartedMain] io.undertow.websockets.jsr : - UT026010: Buffer pool was not set on WebSocketDeploymentInfo, the default pool will be used
22:00:20.658 WARN  [-restartedMain] io.undertow.websockets.jsr : - UT026010: Buffer pool was not set on WebSocketDeploymentInfo, the default pool will be used
22:01:06.314 WARN  [-restartedMain] io.undertow.websockets.jsr : - UT026010: Buffer pool was not set on WebSocketDeploymentInfo, the default pool will be used
22:01:18.495 WARN  [-restartedMain] io.undertow.websockets.jsr : - UT026010: Buffer pool was not set on WebSocketDeploymentInfo, the default pool will be used
22:01:21.034 WARN  [-restartedMain] io.undertow.websockets.jsr : - UT026010: Buffer pool was not set on WebSocketDeploymentInfo, the default pool will be used
22:06:15.981 WARN  [-restartedMain] io.undertow.websockets.jsr : - UT026010: Buffer pool was not set on WebSocketDeploymentInfo, the default pool will be used
22:07:03.219 WARN  [-restartedMain] io.undertow.websockets.jsr : - UT026010: Buffer pool was not set on WebSocketDeploymentInfo, the default pool will be used
22:09:08.817 WARN  [-restartedMain] io.undertow.websockets.jsr : - UT026010: Buffer pool was not set on WebSocketDeploymentInfo, the default pool will be used
22:09:11.128 WARN  [-restartedMain] io.undertow.websockets.jsr : - UT026010: Buffer pool was not set on WebSocketDeploymentInfo, the default pool will be used
22:14:44.775 WARN  [-restartedMain] io.undertow.websockets.jsr : - UT026010: Buffer pool was not set on WebSocketDeploymentInfo, the default pool will be used
22:16:11.300 WARN  [-restartedMain] io.undertow.websockets.jsr : - UT026010: Buffer pool was not set on WebSocketDeploymentInfo, the default pool will be used
22:16:31.367 WARN  [-restartedMain] io.undertow.websockets.jsr : - UT026010: Buffer pool was not set on WebSocketDeploymentInfo, the default pool will be used
22:17:57.898 WARN  [-restartedMain] io.undertow.websockets.jsr : - UT026010: Buffer pool was not set on WebSocketDeploymentInfo, the default pool will be used
22:19:28.805 WARN  [-restartedMain] io.undertow.websockets.jsr : - UT026010: Buffer pool was not set on WebSocketDeploymentInfo, the default pool will be used
22:32:55.921 WARN  [-restartedMain] io.undertow.websockets.jsr : - UT026010: Buffer pool was not set on WebSocketDeploymentInfo, the default pool will be used
22:32:58.398 WARN  [-restartedMain] io.undertow.websockets.jsr : - UT026010: Buffer pool was not set on WebSocketDeploymentInfo, the default pool will be used
22:33:35.498 WARN  [-restartedMain] io.undertow.websockets.jsr : - UT026010: Buffer pool was not set on WebSocketDeploymentInfo, the default pool will be used
22:33:37.693 WARN  [-restartedMain] io.undertow.websockets.jsr : - UT026010: Buffer pool was not set on WebSocketDeploymentInfo, the default pool will be used
22:34:08.546 WARN  [-restartedMain] io.undertow.websockets.jsr : - UT026010: Buffer pool was not set on WebSocketDeploymentInfo, the default pool will be used
22:35:14.964 WARN  [-restartedMain] io.undertow.websockets.jsr : - UT026010: Buffer pool was not set on WebSocketDeploymentInfo, the default pool will be used
22:36:52.024 WARN  [-restartedMain] io.undertow.websockets.jsr : - UT026010: Buffer pool was not set on WebSocketDeploymentInfo, the default pool will be used
22:37:26.673 WARN  [-restartedMain] io.undertow.websockets.jsr : - UT026010: Buffer pool was not set on WebSocketDeploymentInfo, the default pool will be used
22:40:21.622 WARN  [-restartedMain] io.undertow.websockets.jsr : - UT026010: Buffer pool was not set on WebSocketDeploymentInfo, the default pool will be used
22:40:34.047 WARN  [-restartedMain] io.undertow.websockets.jsr : - UT026010: Buffer pool was not set on WebSocketDeploymentInfo, the default pool will be used
22:52:08.458 WARN  [-restartedMain] io.undertow.websockets.jsr : - UT026010: Buffer pool was not set on WebSocketDeploymentInfo, the default pool will be used
22:54:09.111 WARN  [-restartedMain] io.undertow.websockets.jsr : - UT026010: Buffer pool was not set on WebSocketDeploymentInfo, the default pool will be used
22:55:37.625 WARN  [-restartedMain] io.undertow.websockets.jsr : - UT026010: Buffer pool was not set on WebSocketDeploymentInfo, the default pool will be used
22:56:10.595 WARN  [-restartedMain] io.undertow.websockets.jsr : - UT026010: Buffer pool was not set on WebSocketDeploymentInfo, the default pool will be used
22:57:01.749 WARN  [-restartedMain] io.undertow.websockets.jsr : - UT026010: Buffer pool was not set on WebSocketDeploymentInfo, the default pool will be used
22:57:04.043 WARN  [-restartedMain] io.undertow.websockets.jsr : - UT026010: Buffer pool was not set on WebSocketDeploymentInfo, the default pool will be used
23:10:03.994 WARN  [-restartedMain] io.undertow.websockets.jsr : - UT026010: Buffer pool was not set on WebSocketDeploymentInfo, the default pool will be used
23:10:06.183 WARN  [-restartedMain] io.undertow.websockets.jsr : - UT026010: Buffer pool was not set on WebSocketDeploymentInfo, the default pool will be used
23:10:16.252 WARN  [-restartedMain] io.undertow.websockets.jsr : - UT026010: Buffer pool was not set on WebSocketDeploymentInfo, the default pool will be used
23:11:46.849 WARN  [-restartedMain] io.undertow.websockets.jsr : - UT026010: Buffer pool was not set on WebSocketDeploymentInfo, the default pool will be used
23:12:57.029 WARN  [-restartedMain] io.undertow.websockets.jsr : - UT026010: Buffer pool was not set on WebSocketDeploymentInfo, the default pool will be used
23:22:09.292 WARN  [-restartedMain] io.undertow.websockets.jsr : - UT026010: Buffer pool was not set on WebSocketDeploymentInfo, the default pool will be used
23:23:37.639 WARN  [-restartedMain] io.undertow.websockets.jsr : - UT026010: Buffer pool was not set on WebSocketDeploymentInfo, the default pool will be used
23:25:54.009 WARN  [-restartedMain] io.undertow.websockets.jsr : - UT026010: Buffer pool was not set on WebSocketDeploymentInfo, the default pool will be used
23:27:06.927 WARN  [-restartedMain] io.undertow.websockets.jsr : - UT026010: Buffer pool was not set on WebSocketDeploymentInfo, the default pool will be used
23:28:23.632 WARN  [-restartedMain] io.undertow.websockets.jsr : - UT026010: Buffer pool was not set on WebSocketDeploymentInfo, the default pool will be used
23:28:53.243 WARN  [-restartedMain] io.undertow.websockets.jsr : - UT026010: Buffer pool was not set on WebSocketDeploymentInfo, the default pool will be used
23:28:55.495 WARN  [-restartedMain] io.undertow.websockets.jsr : - UT026010: Buffer pool was not set on WebSocketDeploymentInfo, the default pool will be used
23:33:42.350 WARN  [-restartedMain] io.undertow.websockets.jsr : - UT026010: Buffer pool was not set on WebSocketDeploymentInfo, the default pool will be used
23:34:09.783 WARN  [-restartedMain] io.undertow.websockets.jsr : - UT026010: Buffer pool was not set on WebSocketDeploymentInfo, the default pool will be used
23:34:12.167 WARN  [-restartedMain] io.undertow.websockets.jsr : - UT026010: Buffer pool was not set on WebSocketDeploymentInfo, the default pool will be used
23:34:58.647 WARN  [-restartedMain] io.undertow.websockets.jsr : - UT026010: Buffer pool was not set on WebSocketDeploymentInfo, the default pool will be used
23:35:00.859 WARN  [-restartedMain] io.undertow.websockets.jsr : - UT026010: Buffer pool was not set on WebSocketDeploymentInfo, the default pool will be used
23:35:17.443 WARN  [-restartedMain] io.undertow.websockets.jsr : - UT026010: Buffer pool was not set on WebSocketDeploymentInfo, the default pool will be used
23:35:19.586 WARN  [-restartedMain] io.undertow.websockets.jsr : - UT026010: Buffer pool was not set on WebSocketDeploymentInfo, the default pool will be used
23:36:00.185 WARN  [-restartedMain] io.undertow.websockets.jsr : - UT026010: Buffer pool was not set on WebSocketDeploymentInfo, the default pool will be used
23:39:01.012 WARN  [-restartedMain] io.undertow.websockets.jsr : - UT026010: Buffer pool was not set on WebSocketDeploymentInfo, the default pool will be used
23:39:03.521 WARN  [-restartedMain] io.undertow.websockets.jsr : - UT026010: Buffer pool was not set on WebSocketDeploymentInfo, the default pool will be used
23:40:12.232 WARN  [-restartedMain] io.undertow.websockets.jsr : - UT026010: Buffer pool was not set on WebSocketDeploymentInfo, the default pool will be used
23:40:14.447 WARN  [-restartedMain] io.undertow.websockets.jsr : - UT026010: Buffer pool was not set on WebSocketDeploymentInfo, the default pool will be used
23:52:22.778 WARN  [-restartedMain] io.undertow.websockets.jsr : - UT026010: Buffer pool was not set on WebSocketDeploymentInfo, the default pool will be used
23:58:41.823 ERROR [-XNIO-1 task-1] io.undertow.request : - UT005023: Exception handling request to /api/test
org.springframework.web.util.NestedServletException: Request processing failed; nested exception is java.lang.IllegalStateException: UT015023: This Context has been already destroyed
	at org.springframework.web.servlet.FrameworkServlet.processRequest(FrameworkServlet.java:1014) ~[spring-webmvc-5.3.20.jar:5.3.20]
	at org.springframework.web.servlet.FrameworkServlet.doPost(FrameworkServlet.java:909) ~[spring-webmvc-5.3.20.jar:5.3.20]
	at javax.servlet.http.HttpServlet.service(HttpServlet.java:517) ~[jakarta.servlet-api-4.0.4.jar:4.0.4]
	at org.springframework.web.servlet.FrameworkServlet.service(FrameworkServlet.java:883) ~[spring-webmvc-5.3.20.jar:5.3.20]
	at javax.servlet.http.HttpServlet.service(HttpServlet.java:584) ~[jakarta.servlet-api-4.0.4.jar:4.0.4]
	at io.undertow.servlet.handlers.ServletHandler.handleRequest(ServletHandler.java:74) ~[undertow-servlet-2.2.17.Final.jar:2.2.17.Final]
	at io.undertow.servlet.handlers.FilterHandler$FilterChainImpl.doFilter(FilterHandler.java:129) ~[undertow-servlet-2.2.17.Final.jar:2.2.17.Final]
	at org.springframework.web.filter.RequestContextFilter.doFilterInternal(RequestContextFilter.java:100) ~[spring-web-5.3.20.jar:5.3.20]
	at org.springframework.web.filter.OncePerRequestFilter.doFilter(OncePerRequestFilter.java:117) ~[spring-web-5.3.20.jar:5.3.20]
	at io.undertow.servlet.core.ManagedFilter.doFilter(ManagedFilter.java:61) ~[undertow-servlet-2.2.17.Final.jar:2.2.17.Final]
	at io.undertow.servlet.handlers.FilterHandler$FilterChainImpl.doFilter(FilterHandler.java:131) ~[undertow-servlet-2.2.17.Final.jar:2.2.17.Final]
	at org.springframework.web.filter.FormContentFilter.doFilterInternal(FormContentFilter.java:93) ~[spring-web-5.3.20.jar:5.3.20]
	at org.springframework.web.filter.OncePerRequestFilter.doFilter(OncePerRequestFilter.java:117) ~[spring-web-5.3.20.jar:5.3.20]
	at io.undertow.servlet.core.ManagedFilter.doFilter(ManagedFilter.java:61) ~[undertow-servlet-2.2.17.Final.jar:2.2.17.Final]
	at io.undertow.servlet.handlers.FilterHandler$FilterChainImpl.doFilter(FilterHandler.java:131) ~[undertow-servlet-2.2.17.Final.jar:2.2.17.Final]
	at org.springframework.boot.actuate.metrics.web.servlet.WebMvcMetricsFilter.doFilterInternal(WebMvcMetricsFilter.java:96) ~[spring-boot-actuator-2.7.0.jar:2.7.0]
	at org.springframework.web.filter.OncePerRequestFilter.doFilter(OncePerRequestFilter.java:117) ~[spring-web-5.3.20.jar:5.3.20]
	at io.undertow.servlet.core.ManagedFilter.doFilter(ManagedFilter.java:61) ~[undertow-servlet-2.2.17.Final.jar:2.2.17.Final]
	at io.undertow.servlet.handlers.FilterHandler$FilterChainImpl.doFilter(FilterHandler.java:131) ~[undertow-servlet-2.2.17.Final.jar:2.2.17.Final]
	at org.springframework.web.filter.CharacterEncodingFilter.doFilterInternal(CharacterEncodingFilter.java:201) ~[spring-web-5.3.20.jar:5.3.20]
	at org.springframework.web.filter.OncePerRequestFilter.doFilter(OncePerRequestFilter.java:117) ~[spring-web-5.3.20.jar:5.3.20]
	at io.undertow.servlet.core.ManagedFilter.doFilter(ManagedFilter.java:61) ~[undertow-servlet-2.2.17.Final.jar:2.2.17.Final]
	at io.undertow.servlet.handlers.FilterHandler$FilterChainImpl.doFilter(FilterHandler.java:131) ~[undertow-servlet-2.2.17.Final.jar:2.2.17.Final]
	at io.undertow.servlet.handlers.FilterHandler.handleRequest(FilterHandler.java:84) ~[undertow-servlet-2.2.17.Final.jar:2.2.17.Final]
	at io.undertow.servlet.handlers.security.ServletSecurityRoleHandler.handleRequest(ServletSecurityRoleHandler.java:62) ~[undertow-servlet-2.2.17.Final.jar:2.2.17.Final]
	at io.undertow.servlet.handlers.ServletChain$1.handleRequest(ServletChain.java:68) ~[undertow-servlet-2.2.17.Final.jar:2.2.17.Final]
	at io.undertow.servlet.handlers.ServletDispatchingHandler.handleRequest(ServletDispatchingHandler.java:36) ~[undertow-servlet-2.2.17.Final.jar:2.2.17.Final]
	at io.undertow.servlet.handlers.RedirectDirHandler.handleRequest(RedirectDirHandler.java:68) ~[undertow-servlet-2.2.17.Final.jar:2.2.17.Final]
	at io.undertow.servlet.handlers.security.SSLInformationAssociationHandler.handleRequest(SSLInformationAssociationHandler.java:117) ~[undertow-servlet-2.2.17.Final.jar:2.2.17.Final]
	at io.undertow.servlet.handlers.security.ServletAuthenticationCallHandler.handleRequest(ServletAuthenticationCallHandler.java:57) ~[undertow-servlet-2.2.17.Final.jar:2.2.17.Final]
	at io.undertow.server.handlers.PredicateHandler.handleRequest(PredicateHandler.java:43) ~[undertow-core-2.2.17.Final.jar:2.2.17.Final]
	at io.undertow.security.handlers.AbstractConfidentialityHandler.handleRequest(AbstractConfidentialityHandler.java:46) ~[undertow-core-2.2.17.Final.jar:2.2.17.Final]
	at io.undertow.servlet.handlers.security.ServletConfidentialityConstraintHandler.handleRequest(ServletConfidentialityConstraintHandler.java:64) ~[undertow-servlet-2.2.17.Final.jar:2.2.17.Final]
	at io.undertow.security.handlers.AuthenticationMechanismsHandler.handleRequest(AuthenticationMechanismsHandler.java:60) ~[undertow-core-2.2.17.Final.jar:2.2.17.Final]
	at io.undertow.servlet.handlers.security.CachedAuthenticatedSessionHandler.handleRequest(CachedAuthenticatedSessionHandler.java:77) ~[undertow-servlet-2.2.17.Final.jar:2.2.17.Final]
	at io.undertow.security.handlers.AbstractSecurityContextAssociationHandler.handleRequest(AbstractSecurityContextAssociationHandler.java:43) ~[undertow-core-2.2.17.Final.jar:2.2.17.Final]
	at io.undertow.server.handlers.PredicateHandler.handleRequest(PredicateHandler.java:43) ~[undertow-core-2.2.17.Final.jar:2.2.17.Final]
	at io.undertow.servlet.handlers.SendErrorPageHandler.handleRequest(SendErrorPageHandler.java:52) ~[undertow-servlet-2.2.17.Final.jar:2.2.17.Final]
	at io.undertow.server.handlers.PredicateHandler.handleRequest(PredicateHandler.java:43) ~[undertow-core-2.2.17.Final.jar:2.2.17.Final]
	at io.undertow.servlet.handlers.SessionRestoringHandler.handleRequest(SessionRestoringHandler.java:119) ~[undertow-servlet-2.2.17.Final.jar:2.2.17.Final]
	at io.undertow.servlet.handlers.ServletInitialHandler.handleFirstRequest(ServletInitialHandler.java:275) ~[undertow-servlet-2.2.17.Final.jar:2.2.17.Final]
	at io.undertow.servlet.handlers.ServletInitialHandler.access$100(ServletInitialHandler.java:79) ~[undertow-servlet-2.2.17.Final.jar:2.2.17.Final]
	at io.undertow.servlet.handlers.ServletInitialHandler$2.call(ServletInitialHandler.java:134) ~[undertow-servlet-2.2.17.Final.jar:2.2.17.Final]
	at io.undertow.servlet.handlers.ServletInitialHandler$2.call(ServletInitialHandler.java:131) ~[undertow-servlet-2.2.17.Final.jar:2.2.17.Final]
	at io.undertow.servlet.core.ServletRequestContextThreadSetupAction$1.call(ServletRequestContextThreadSetupAction.java:48) ~[undertow-servlet-2.2.17.Final.jar:2.2.17.Final]
	at io.undertow.servlet.core.ContextClassLoaderSetupAction$1.call(ContextClassLoaderSetupAction.java:43) ~[undertow-servlet-2.2.17.Final.jar:2.2.17.Final]
	at io.undertow.servlet.handlers.ServletInitialHandler.dispatchRequest(ServletInitialHandler.java:255) ~[undertow-servlet-2.2.17.Final.jar:2.2.17.Final]
	at io.undertow.servlet.handlers.ServletInitialHandler.access$000(ServletInitialHandler.java:79) ~[undertow-servlet-2.2.17.Final.jar:2.2.17.Final]
	at io.undertow.servlet.handlers.ServletInitialHandler$1.handleRequest(ServletInitialHandler.java:100) ~[undertow-servlet-2.2.17.Final.jar:2.2.17.Final]
	at io.undertow.server.Connectors.executeRootHandler(Connectors.java:387) ~[undertow-core-2.2.17.Final.jar:2.2.17.Final]
	at io.undertow.server.HttpServerExchange$1.run(HttpServerExchange.java:852) ~[undertow-core-2.2.17.Final.jar:2.2.17.Final]
	at org.jboss.threads.ContextClassLoaderSavingRunnable.run(ContextClassLoaderSavingRunnable.java:35) ~[jboss-threads-3.1.0.Final.jar:3.1.0.Final]
	at org.jboss.threads.EnhancedQueueExecutor.safeRun(EnhancedQueueExecutor.java:2019) ~[jboss-threads-3.1.0.Final.jar:3.1.0.Final]
	at org.jboss.threads.EnhancedQueueExecutor$ThreadBody.doRunTask(EnhancedQueueExecutor.java:1558) ~[jboss-threads-3.1.0.Final.jar:3.1.0.Final]
	at org.jboss.threads.EnhancedQueueExecutor$ThreadBody.run(EnhancedQueueExecutor.java:1449) ~[jboss-threads-3.1.0.Final.jar:3.1.0.Final]
	at org.xnio.XnioWorker$WorkerThreadFactory$1$1.run(XnioWorker.java:1280) ~[xnio-api-3.8.6.Final.jar:3.8.6.Final]
	at java.lang.Thread.run(Thread.java:833) ~[?:?]
Caused by: java.lang.IllegalStateException: UT015023: This Context has been already destroyed
	at io.undertow.servlet.spec.ServletContextImpl.getDeploymentInfo(ServletContextImpl.java:211) ~[undertow-servlet-2.2.17.Final.jar:2.2.17.Final]
	at io.undertow.servlet.spec.ServletContextImpl.getInitParameter(ServletContextImpl.java:444) ~[undertow-servlet-2.2.17.Final.jar:2.2.17.Final]
	at org.springframework.web.util.WebUtils.getDefaultHtmlEscape(WebUtils.java:285) ~[spring-web-5.3.20.jar:5.3.20]
	at org.springframework.web.servlet.support.RequestContext.<init>(RequestContext.java:247) ~[spring-webmvc-5.3.20.jar:5.3.20]
	at org.springframework.web.servlet.view.AbstractTemplateView.renderMergedOutputModel(AbstractTemplateView.java:170) ~[spring-webmvc-5.3.20.jar:5.3.20]
	at org.springframework.web.servlet.view.AbstractView.render(AbstractView.java:316) ~[spring-webmvc-5.3.20.jar:5.3.20]
	at org.springframework.web.servlet.DispatcherServlet.render(DispatcherServlet.java:1401) ~[spring-webmvc-5.3.20.jar:5.3.20]
	at org.springframework.web.servlet.DispatcherServlet.processDispatchResult(DispatcherServlet.java:1145) ~[spring-webmvc-5.3.20.jar:5.3.20]
	at org.springframework.web.servlet.DispatcherServlet.doDispatch(DispatcherServlet.java:1084) ~[spring-webmvc-5.3.20.jar:5.3.20]
	at org.springframework.web.servlet.DispatcherServlet.doService(DispatcherServlet.java:963) ~[spring-webmvc-5.3.20.jar:5.3.20]
	at org.springframework.web.servlet.FrameworkServlet.processRequest(FrameworkServlet.java:1006) ~[spring-webmvc-5.3.20.jar:5.3.20]
	... 56 more
23:58:41.831 ERROR [-XNIO-1 task-1] io.undertow.request : - UT005022: Exception generating error page /error
java.lang.IllegalStateException: UT015023: This Context has been already destroyed
	at io.undertow.servlet.spec.ServletContextImpl.getDeploymentInfo(ServletContextImpl.java:211) ~[undertow-servlet-2.2.17.Final.jar:2.2.17.Final]
	at io.undertow.servlet.spec.ServletContextImpl.getContextPath(ServletContextImpl.java:217) ~[undertow-servlet-2.2.17.Final.jar:2.2.17.Final]
	at io.undertow.servlet.spec.HttpServletRequestImpl.getContextPath(HttpServletRequestImpl.java:303) ~[undertow-servlet-2.2.17.Final.jar:2.2.17.Final]
	at io.undertow.servlet.spec.RequestDispatcherImpl.error(RequestDispatcherImpl.java:460) ~[undertow-servlet-2.2.17.Final.jar:2.2.17.Final]
	at io.undertow.servlet.spec.RequestDispatcherImpl.error(RequestDispatcherImpl.java:425) ~[undertow-servlet-2.2.17.Final.jar:2.2.17.Final]
	at io.undertow.servlet.handlers.ServletInitialHandler.handleFirstRequest(ServletInitialHandler.java:314) ~[undertow-servlet-2.2.17.Final.jar:2.2.17.Final]
	at io.undertow.servlet.handlers.ServletInitialHandler.access$100(ServletInitialHandler.java:79) ~[undertow-servlet-2.2.17.Final.jar:2.2.17.Final]
	at io.undertow.servlet.handlers.ServletInitialHandler$2.call(ServletInitialHandler.java:134) ~[undertow-servlet-2.2.17.Final.jar:2.2.17.Final]
	at io.undertow.servlet.handlers.ServletInitialHandler$2.call(ServletInitialHandler.java:131) ~[undertow-servlet-2.2.17.Final.jar:2.2.17.Final]
	at io.undertow.servlet.core.ServletRequestContextThreadSetupAction$1.call(ServletRequestContextThreadSetupAction.java:48) ~[undertow-servlet-2.2.17.Final.jar:2.2.17.Final]
	at io.undertow.servlet.core.ContextClassLoaderSetupAction$1.call(ContextClassLoaderSetupAction.java:43) ~[undertow-servlet-2.2.17.Final.jar:2.2.17.Final]
	at io.undertow.servlet.handlers.ServletInitialHandler.dispatchRequest(ServletInitialHandler.java:255) ~[undertow-servlet-2.2.17.Final.jar:2.2.17.Final]
	at io.undertow.servlet.handlers.ServletInitialHandler.access$000(ServletInitialHandler.java:79) ~[undertow-servlet-2.2.17.Final.jar:2.2.17.Final]
	at io.undertow.servlet.handlers.ServletInitialHandler$1.handleRequest(ServletInitialHandler.java:100) ~[undertow-servlet-2.2.17.Final.jar:2.2.17.Final]
	at io.undertow.server.Connectors.executeRootHandler(Connectors.java:387) ~[undertow-core-2.2.17.Final.jar:2.2.17.Final]
	at io.undertow.server.HttpServerExchange$1.run(HttpServerExchange.java:852) ~[undertow-core-2.2.17.Final.jar:2.2.17.Final]
	at org.jboss.threads.ContextClassLoaderSavingRunnable.run(ContextClassLoaderSavingRunnable.java:35) ~[jboss-threads-3.1.0.Final.jar:3.1.0.Final]
	at org.jboss.threads.EnhancedQueueExecutor.safeRun(EnhancedQueueExecutor.java:2019) ~[jboss-threads-3.1.0.Final.jar:3.1.0.Final]
	at org.jboss.threads.EnhancedQueueExecutor$ThreadBody.doRunTask(EnhancedQueueExecutor.java:1558) ~[jboss-threads-3.1.0.Final.jar:3.1.0.Final]
	at org.jboss.threads.EnhancedQueueExecutor$ThreadBody.run(EnhancedQueueExecutor.java:1449) ~[jboss-threads-3.1.0.Final.jar:3.1.0.Final]
	at org.xnio.XnioWorker$WorkerThreadFactory$1$1.run(XnioWorker.java:1280) ~[xnio-api-3.8.6.Final.jar:3.8.6.Final]
	at java.lang.Thread.run(Thread.java:833) ~[?:?]
23:58:49.899 WARN  [-restartedMain] io.undertow.websockets.jsr : - UT026010: Buffer pool was not set on WebSocketDeploymentInfo, the default pool will be used
